<?xml version="1.0" encoding="UTF-8"?>
<!-- Generated by org.testng.reporters.JUnitXMLReporter -->
<testsuite ignored="0" hostname="DESKTOP-HPNOI30" failures="0" tests="4" name="Default test" time="4.942" errors="0" timestamp="2023-06-26T22:13:06 IST">
  <testcase classname="session13.LocalJSONServerAPITesting" name="postUserData" time="3.663"/>
  <testcase classname="session13.LocalJSONServerAPITesting" name="createUser" time="0.864"/>
  <testcase classname="session13.LocalJSONServerAPITesting" name="updateUser" time="0.132"/>
  <testcase classname="session13.LocalJSONServerAPITesting" name="deleteUser" time="0.089"/>
</testsuite> <!-- Default test -->
