<?xml version="1.0" encoding="UTF-8"?>
<testng-results ignored="0" total="4" passed="4" failed="0" skipped="0">
  <reporter-output>
  </reporter-output>
  <suite started-at="2023-06-26T22:13:02 IST" name="Default suite" finished-at="2023-06-26T22:13:06 IST" duration-ms="4942">
    <groups>
    </groups>
    <test started-at="2023-06-26T22:13:02 IST" name="Default test" finished-at="2023-06-26T22:13:06 IST" duration-ms="4942">
      <class name="session13.LocalJSONServerAPITesting">
        <test-method signature="postUserData()[pri:1, instance:session13.LocalJSONServerAPITesting@479d31f3]" started-at="2023-06-26T22:13:02 IST" name="postUserData" finished-at="2023-06-26T22:13:05 IST" duration-ms="3663" status="PASS">
          <reporter-output>
          </reporter-output>
        </test-method> <!-- postUserData -->
        <test-method signature="createUser()[pri:2, instance:session13.LocalJSONServerAPITesting@479d31f3]" started-at="2023-06-26T22:13:05 IST" name="createUser" finished-at="2023-06-26T22:13:06 IST" duration-ms="864" status="PASS">
          <reporter-output>
          </reporter-output>
        </test-method> <!-- createUser -->
        <test-method signature="updateUser()[pri:3, instance:session13.LocalJSONServerAPITesting@479d31f3]" started-at="2023-06-26T22:13:06 IST" name="updateUser" finished-at="2023-06-26T22:13:06 IST" duration-ms="132" status="PASS">
          <reporter-output>
          </reporter-output>
        </test-method> <!-- updateUser -->
        <test-method signature="deleteUser()[pri:4, instance:session13.LocalJSONServerAPITesting@479d31f3]" started-at="2023-06-26T22:13:06 IST" name="deleteUser" finished-at="2023-06-26T22:13:06 IST" duration-ms="89" status="PASS">
          <reporter-output>
          </reporter-output>
        </test-method> <!-- deleteUser -->
      </class> <!-- session13.LocalJSONServerAPITesting -->
    </test> <!-- Default test -->
  </suite> <!-- Default suite -->
</testng-results>
